<?xml version="1.0" encoding="UTF-8"?>
<testsuite xmlns:xsi="http://www.w3.org/2001/XMLSchema-instance" xsi:noNamespaceSchemaLocation="https://maven.apache.org/surefire/maven-surefire-plugin/xsd/surefire-test-report.xsd" version="3.0.2" name="com.example.veterinary_clinic.controller.GuardianControllerTest" time="7.631" tests="8" errors="0" skipped="0" failures="0">
  <properties>
[...]
</properties>
  <testcase name="givenGuardianWithId_whenCallGetGuardianById_thenReturnThisGuardian" classname="com.example.veterinary_clinic.controller.GuardianControllerTest" time="0.615">
    <system-out><![CDATA[11:48:47.480 [main] INFO org.springframework.test.context.support.AnnotationConfigContextLoaderUtils -- Could not detect default configuration classes for test class [com.example.veterinary_clinic.controller.GuardianControllerTest]: GuardianControllerTest does not declare any static, non-private, non-final, nested classes annotated with @Configuration.
11:48:47.600 [main] INFO org.springframework.boot.test.context.SpringBootTestContextBootstrapper -- Found @SpringBootConfiguration com.example.veterinary_clinic.VeterinaryClinicApplication for test class com.example.veterinary_clinic.controller.GuardianControllerTest

  .   ____          _            __ _ _
 /\\ / ___'_ __ _ _(_)_ __  __ _ \ \ \ \
( ( )\___ | '_ | '_| | '_ \/ _` | \ \ \ \
 \\/  ___)| |_)| | | | | || (_| |  ) ) ) )
  '  |____| .__|_| |_|_| |_\__, | / / / /
 =========|_|==============|___/=/_/_/_/

 :: Spring Boot ::                (v3.4.0)

2024-12-15T11:48:47.958+01:00  INFO 19880 --- [           main] c.e.v.controller.GuardianControllerTest  : Starting GuardianControllerTest using Java 21.0.4 with PID 19880 (started by Paola in E:\paola\Escritorio\Bootcamp_AWS_Backend\VeterinaryClinic\backendVeterinaryClinic)
2024-12-15T11:48:47.959+01:00  INFO 19880 --- [           main] c.e.v.controller.GuardianControllerTest  : The following 1 profile is active: "test"
2024-12-15T11:48:48.472+01:00  INFO 19880 --- [           main] .s.d.r.c.RepositoryConfigurationDelegate : Bootstrapping Spring Data JPA repositories in DEFAULT mode.
2024-12-15T11:48:48.528+01:00  INFO 19880 --- [           main] .s.d.r.c.RepositoryConfigurationDelegate : Finished Spring Data repository scanning in 47 ms. Found 3 JPA repository interfaces.
2024-12-15T11:48:48.914+01:00  INFO 19880 --- [           main] o.hibernate.jpa.internal.util.LogHelper  : HHH000204: Processing PersistenceUnitInfo [name: default]
2024-12-15T11:48:48.977+01:00  INFO 19880 --- [           main] org.hibernate.Version                    : HHH000412: Hibernate ORM core version 6.6.2.Final
2024-12-15T11:48:49.008+01:00  INFO 19880 --- [           main] o.h.c.internal.RegionFactoryInitiator    : HHH000026: Second-level cache disabled
2024-12-15T11:48:49.297+01:00  INFO 19880 --- [           main] o.s.o.j.p.SpringPersistenceUnitInfo      : No LoadTimeWeaver setup: ignoring JPA class transformer
2024-12-15T11:48:49.324+01:00  INFO 19880 --- [           main] com.zaxxer.hikari.HikariDataSource       : HikariPool-1 - Starting...
2024-12-15T11:48:49.481+01:00  INFO 19880 --- [           main] com.zaxxer.hikari.pool.HikariPool        : HikariPool-1 - Added connection conn0: url=jdbc:h2:mem:testdb user=TEST
2024-12-15T11:48:49.482+01:00  INFO 19880 --- [           main] com.zaxxer.hikari.HikariDataSource       : HikariPool-1 - Start completed.
2024-12-15T11:48:49.503+01:00  WARN 19880 --- [           main] org.hibernate.orm.deprecation            : HHH90000025: H2Dialect does not need to be specified explicitly using 'hibernate.dialect' (remove the property setting and it will be selected by default)
2024-12-15T11:48:49.519+01:00  INFO 19880 --- [           main] org.hibernate.orm.connections.pooling    : HHH10001005: Database info:
	Database JDBC URL [Connecting through datasource 'HikariDataSource (HikariPool-1)']
	Database driver: undefined/unknown
	Database version: 2.3.232
	Autocommit mode: undefined/unknown
	Isolation level: undefined/unknown
	Minimum pool size: undefined/unknown
	Maximum pool size: undefined/unknown
2024-12-15T11:48:50.213+01:00  INFO 19880 --- [           main] o.h.e.t.j.p.i.JtaPlatformInitiator       : HHH000489: No JTA platform available (set 'hibernate.transaction.jta.platform' to enable JTA platform integration)
2024-12-15T11:48:50.251+01:00  INFO 19880 --- [           main] j.LocalContainerEntityManagerFactoryBean : Initialized JPA EntityManagerFactory for persistence unit 'default'
2024-12-15T11:48:50.470+01:00  INFO 19880 --- [           main] o.s.d.j.r.query.QueryEnhancerFactory     : Hibernate is in classpath; If applicable, HQL parser will be used.
2024-12-15T11:48:51.241+01:00  WARN 19880 --- [           main] JpaBaseConfiguration$JpaWebConfiguration : spring.jpa.open-in-view is enabled by default. Therefore, database queries may be performed during view rendering. Explicitly configure spring.jpa.open-in-view to disable this warning
2024-12-15T11:48:51.500+01:00  INFO 19880 --- [           main] o.s.b.a.h2.H2ConsoleAutoConfiguration    : H2 console available at '/h2-console'. Database available at 'jdbc:h2:mem:testdb'
2024-12-15T11:48:51.554+01:00  INFO 19880 --- [           main] o.s.b.t.m.w.SpringBootMockServletContext : Initializing Spring TestDispatcherServlet ''
2024-12-15T11:48:51.554+01:00  INFO 19880 --- [           main] o.s.t.web.servlet.TestDispatcherServlet  : Initializing Servlet ''
2024-12-15T11:48:51.555+01:00  INFO 19880 --- [           main] o.s.t.web.servlet.TestDispatcherServlet  : Completed initialization in 1 ms
2024-12-15T11:48:51.576+01:00  INFO 19880 --- [           main] c.e.v.controller.GuardianControllerTest  : Started GuardianControllerTest in 3.849 seconds (process running for 4.815)
2024-12-15T11:48:52.193+01:00  INFO 19880 --- [           main] j.LocalContainerEntityManagerFactoryBean : Closing JPA EntityManagerFactory for persistence unit 'default'
2024-12-15T11:48:52.197+01:00  INFO 19880 --- [           main] com.zaxxer.hikari.HikariDataSource       : HikariPool-1 - Shutdown initiated...
2024-12-15T11:48:52.198+01:00  INFO 19880 --- [           main] com.zaxxer.hikari.HikariDataSource       : HikariPool-1 - Shutdown completed.
]]></system-out>
    <system-err><![CDATA[Mockito is currently self-attaching to enable the inline-mock-maker. This will no longer work in future releases of the JDK. Please add Mockito as an agent to your build what is described in Mockito's documentation: https://javadoc.io/doc/org.mockito/mockito-core/latest/org/mockito/Mockito.html#0.3
WARNING: A Java agent has been loaded dynamically (C:\Users\Paola\.m2\repository\net\bytebuddy\byte-buddy-agent\1.15.10\byte-buddy-agent-1.15.10.jar)
WARNING: If a serviceability tool is in use, please run with -XX:+EnableDynamicAgentLoading to hide this warning
WARNING: If a serviceability tool is not in use, please run with -Djdk.instrument.traceUsage for more information
WARNING: Dynamic loading of agents will be disallowed by default in a future release
]]></system-err>
  </testcase>
  <testcase name="givenGuardianWithId_whenCallUpdateGuardian_thenReturnUpdatedGuardian" classname="com.example.veterinary_clinic.controller.GuardianControllerTest" time="0.103">
    <system-out><![CDATA[
  .   ____          _            __ _ _
 /\\ / ___'_ __ _ _(_)_ __  __ _ \ \ \ \
( ( )\___ | '_ | '_| | '_ \/ _` | \ \ \ \
 \\/  ___)| |_)| | | | | || (_| |  ) ) ) )
  '  |____| .__|_| |_|_| |_\__, | / / / /
 =========|_|==============|___/=/_/_/_/

 :: Spring Boot ::                (v3.4.0)

2024-12-15T11:48:52.227+01:00  INFO 19880 --- [           main] c.e.v.controller.GuardianControllerTest  : Starting GuardianControllerTest using Java 21.0.4 with PID 19880 (started by Paola in E:\paola\Escritorio\Bootcamp_AWS_Backend\VeterinaryClinic\backendVeterinaryClinic)
2024-12-15T11:48:52.227+01:00  INFO 19880 --- [           main] c.e.v.controller.GuardianControllerTest  : The following 1 profile is active: "test"
2024-12-15T11:48:52.359+01:00  INFO 19880 --- [           main] .s.d.r.c.RepositoryConfigurationDelegate : Bootstrapping Spring Data JPA repositories in DEFAULT mode.
2024-12-15T11:48:52.371+01:00  INFO 19880 --- [           main] .s.d.r.c.RepositoryConfigurationDelegate : Finished Spring Data repository scanning in 11 ms. Found 3 JPA repository interfaces.
2024-12-15T11:48:52.440+01:00  INFO 19880 --- [           main] o.hibernate.jpa.internal.util.LogHelper  : HHH000204: Processing PersistenceUnitInfo [name: default]
2024-12-15T11:48:52.442+01:00  INFO 19880 --- [           main] o.h.c.internal.RegionFactoryInitiator    : HHH000026: Second-level cache disabled
2024-12-15T11:48:52.449+01:00  INFO 19880 --- [           main] o.s.o.j.p.SpringPersistenceUnitInfo      : No LoadTimeWeaver setup: ignoring JPA class transformer
2024-12-15T11:48:52.449+01:00  INFO 19880 --- [           main] com.zaxxer.hikari.HikariDataSource       : HikariPool-2 - Starting...
2024-12-15T11:48:52.451+01:00  INFO 19880 --- [           main] com.zaxxer.hikari.pool.HikariPool        : HikariPool-2 - Added connection conn10: url=jdbc:h2:mem:testdb user=TEST
2024-12-15T11:48:52.452+01:00  INFO 19880 --- [           main] com.zaxxer.hikari.HikariDataSource       : HikariPool-2 - Start completed.
2024-12-15T11:48:52.452+01:00  WARN 19880 --- [           main] org.hibernate.orm.deprecation            : HHH90000025: H2Dialect does not need to be specified explicitly using 'hibernate.dialect' (remove the property setting and it will be selected by default)
2024-12-15T11:48:52.453+01:00  INFO 19880 --- [           main] org.hibernate.orm.connections.pooling    : HHH10001005: Database info:
	Database JDBC URL [Connecting through datasource 'HikariDataSource (HikariPool-2)']
	Database driver: undefined/unknown
	Database version: 2.3.232
	Autocommit mode: undefined/unknown
	Isolation level: undefined/unknown
	Minimum pool size: undefined/unknown
	Maximum pool size: undefined/unknown
2024-12-15T11:48:52.519+01:00  INFO 19880 --- [           main] o.h.e.t.j.p.i.JtaPlatformInitiator       : HHH000489: No JTA platform available (set 'hibernate.transaction.jta.platform' to enable JTA platform integration)
2024-12-15T11:48:52.524+01:00  INFO 19880 --- [           main] j.LocalContainerEntityManagerFactoryBean : Initialized JPA EntityManagerFactory for persistence unit 'default'
2024-12-15T11:48:52.576+01:00  WARN 19880 --- [           main] JpaBaseConfiguration$JpaWebConfiguration : spring.jpa.open-in-view is enabled by default. Therefore, database queries may be performed during view rendering. Explicitly configure spring.jpa.open-in-view to disable this warning
2024-12-15T11:48:52.630+01:00  INFO 19880 --- [           main] o.s.b.a.h2.H2ConsoleAutoConfiguration    : H2 console available at '/h2-console'. Database available at 'jdbc:h2:mem:testdb'
2024-12-15T11:48:52.641+01:00  INFO 19880 --- [           main] o.s.b.t.m.w.SpringBootMockServletContext : Initializing Spring TestDispatcherServlet ''
2024-12-15T11:48:52.641+01:00  INFO 19880 --- [           main] o.s.t.web.servlet.TestDispatcherServlet  : Initializing Servlet ''
2024-12-15T11:48:52.642+01:00  INFO 19880 --- [           main] o.s.t.web.servlet.TestDispatcherServlet  : Completed initialization in 0 ms
2024-12-15T11:48:52.647+01:00  INFO 19880 --- [           main] c.e.v.controller.GuardianControllerTest  : Started GuardianControllerTest in 0.442 seconds (process running for 5.885)
2024-12-15T11:48:52.742+01:00  INFO 19880 --- [           main] j.LocalContainerEntityManagerFactoryBean : Closing JPA EntityManagerFactory for persistence unit 'default'
2024-12-15T11:48:52.745+01:00  INFO 19880 --- [           main] com.zaxxer.hikari.HikariDataSource       : HikariPool-2 - Shutdown initiated...
2024-12-15T11:48:52.752+01:00  INFO 19880 --- [           main] com.zaxxer.hikari.HikariDataSource       : HikariPool-2 - Shutdown completed.
]]></system-out>
  </testcase>
  <testcase name="givenGuardianWithAnEmptyField_whenAddGuardian_thenReturnBadRequest" classname="com.example.veterinary_clinic.controller.GuardianControllerTest" time="0.057">
    <system-out><![CDATA[
  .   ____          _            __ _ _
 /\\ / ___'_ __ _ _(_)_ __  __ _ \ \ \ \
( ( )\___ | '_ | '_| | '_ \/ _` | \ \ \ \
 \\/  ___)| |_)| | | | | || (_| |  ) ) ) )
  '  |____| .__|_| |_|_| |_\__, | / / / /
 =========|_|==============|___/=/_/_/_/

 :: Spring Boot ::                (v3.4.0)

2024-12-15T11:48:52.771+01:00  INFO 19880 --- [           main] c.e.v.controller.GuardianControllerTest  : Starting GuardianControllerTest using Java 21.0.4 with PID 19880 (started by Paola in E:\paola\Escritorio\Bootcamp_AWS_Backend\VeterinaryClinic\backendVeterinaryClinic)
2024-12-15T11:48:52.771+01:00  INFO 19880 --- [           main] c.e.v.controller.GuardianControllerTest  : The following 1 profile is active: "test"
2024-12-15T11:48:52.888+01:00  INFO 19880 --- [           main] .s.d.r.c.RepositoryConfigurationDelegate : Bootstrapping Spring Data JPA repositories in DEFAULT mode.
2024-12-15T11:48:52.903+01:00  INFO 19880 --- [           main] .s.d.r.c.RepositoryConfigurationDelegate : Finished Spring Data repository scanning in 13 ms. Found 3 JPA repository interfaces.
2024-12-15T11:48:52.952+01:00  INFO 19880 --- [           main] o.hibernate.jpa.internal.util.LogHelper  : HHH000204: Processing PersistenceUnitInfo [name: default]
2024-12-15T11:48:52.954+01:00  INFO 19880 --- [           main] o.h.c.internal.RegionFactoryInitiator    : HHH000026: Second-level cache disabled
2024-12-15T11:48:52.962+01:00  INFO 19880 --- [           main] o.s.o.j.p.SpringPersistenceUnitInfo      : No LoadTimeWeaver setup: ignoring JPA class transformer
2024-12-15T11:48:52.962+01:00  INFO 19880 --- [           main] com.zaxxer.hikari.HikariDataSource       : HikariPool-3 - Starting...
2024-12-15T11:48:52.964+01:00  INFO 19880 --- [           main] com.zaxxer.hikari.pool.HikariPool        : HikariPool-3 - Added connection conn17: url=jdbc:h2:mem:testdb user=TEST
2024-12-15T11:48:52.965+01:00  INFO 19880 --- [           main] com.zaxxer.hikari.HikariDataSource       : HikariPool-3 - Start completed.
2024-12-15T11:48:52.965+01:00  WARN 19880 --- [           main] org.hibernate.orm.deprecation            : HHH90000025: H2Dialect does not need to be specified explicitly using 'hibernate.dialect' (remove the property setting and it will be selected by default)
2024-12-15T11:48:52.965+01:00  INFO 19880 --- [           main] org.hibernate.orm.connections.pooling    : HHH10001005: Database info:
	Database JDBC URL [Connecting through datasource 'HikariDataSource (HikariPool-3)']
	Database driver: undefined/unknown
	Database version: 2.3.232
	Autocommit mode: undefined/unknown
	Isolation level: undefined/unknown
	Minimum pool size: undefined/unknown
	Maximum pool size: undefined/unknown
2024-12-15T11:48:53.023+01:00  INFO 19880 --- [           main] o.h.e.t.j.p.i.JtaPlatformInitiator       : HHH000489: No JTA platform available (set 'hibernate.transaction.jta.platform' to enable JTA platform integration)
2024-12-15T11:48:53.028+01:00  INFO 19880 --- [           main] j.LocalContainerEntityManagerFactoryBean : Initialized JPA EntityManagerFactory for persistence unit 'default'
2024-12-15T11:48:53.081+01:00  WARN 19880 --- [           main] JpaBaseConfiguration$JpaWebConfiguration : spring.jpa.open-in-view is enabled by default. Therefore, database queries may be performed during view rendering. Explicitly configure spring.jpa.open-in-view to disable this warning
2024-12-15T11:48:53.125+01:00  INFO 19880 --- [           main] o.s.b.a.h2.H2ConsoleAutoConfiguration    : H2 console available at '/h2-console'. Database available at 'jdbc:h2:mem:testdb'
2024-12-15T11:48:53.133+01:00  INFO 19880 --- [           main] o.s.b.t.m.w.SpringBootMockServletContext : Initializing Spring TestDispatcherServlet ''
2024-12-15T11:48:53.133+01:00  INFO 19880 --- [           main] o.s.t.web.servlet.TestDispatcherServlet  : Initializing Servlet ''
2024-12-15T11:48:53.134+01:00  INFO 19880 --- [           main] o.s.t.web.servlet.TestDispatcherServlet  : Completed initialization in 1 ms
2024-12-15T11:48:53.138+01:00  INFO 19880 --- [           main] c.e.v.controller.GuardianControllerTest  : Started GuardianControllerTest in 0.384 seconds (process running for 6.376)
2024-12-15T11:48:53.167+01:00  INFO 19880 --- [           main] j.LocalContainerEntityManagerFactoryBean : Closing JPA EntityManagerFactory for persistence unit 'default'
2024-12-15T11:48:53.169+01:00  INFO 19880 --- [           main] com.zaxxer.hikari.HikariDataSource       : HikariPool-3 - Shutdown initiated...
2024-12-15T11:48:53.196+01:00  INFO 19880 --- [           main] com.zaxxer.hikari.HikariDataSource       : HikariPool-3 - Shutdown completed.
]]></system-out>
  </testcase>
  <testcase name="givenGuardianWithAWrongPhoneNumber_whenAddGuardian_thenReturnBadRequest" classname="com.example.veterinary_clinic.controller.GuardianControllerTest" time="0.015">
    <system-out><![CDATA[
  .   ____          _            __ _ _
 /\\ / ___'_ __ _ _(_)_ __  __ _ \ \ \ \
( ( )\___ | '_ | '_| | '_ \/ _` | \ \ \ \
 \\/  ___)| |_)| | | | | || (_| |  ) ) ) )
  '  |____| .__|_| |_|_| |_\__, | / / / /
 =========|_|==============|___/=/_/_/_/

 :: Spring Boot ::                (v3.4.0)

2024-12-15T11:48:53.212+01:00  INFO 19880 --- [           main] c.e.v.controller.GuardianControllerTest  : Starting GuardianControllerTest using Java 21.0.4 with PID 19880 (started by Paola in E:\paola\Escritorio\Bootcamp_AWS_Backend\VeterinaryClinic\backendVeterinaryClinic)
2024-12-15T11:48:53.212+01:00  INFO 19880 --- [           main] c.e.v.controller.GuardianControllerTest  : The following 1 profile is active: "test"
2024-12-15T11:48:53.303+01:00  INFO 19880 --- [           main] .s.d.r.c.RepositoryConfigurationDelegate : Bootstrapping Spring Data JPA repositories in DEFAULT mode.
2024-12-15T11:48:53.314+01:00  INFO 19880 --- [           main] .s.d.r.c.RepositoryConfigurationDelegate : Finished Spring Data repository scanning in 10 ms. Found 3 JPA repository interfaces.
2024-12-15T11:48:53.354+01:00  INFO 19880 --- [           main] o.hibernate.jpa.internal.util.LogHelper  : HHH000204: Processing PersistenceUnitInfo [name: default]
2024-12-15T11:48:53.356+01:00  INFO 19880 --- [           main] o.h.c.internal.RegionFactoryInitiator    : HHH000026: Second-level cache disabled
2024-12-15T11:48:53.362+01:00  INFO 19880 --- [           main] o.s.o.j.p.SpringPersistenceUnitInfo      : No LoadTimeWeaver setup: ignoring JPA class transformer
2024-12-15T11:48:53.362+01:00  INFO 19880 --- [           main] com.zaxxer.hikari.HikariDataSource       : HikariPool-4 - Starting...
2024-12-15T11:48:53.364+01:00  INFO 19880 --- [           main] com.zaxxer.hikari.pool.HikariPool        : HikariPool-4 - Added connection conn22: url=jdbc:h2:mem:testdb user=TEST
2024-12-15T11:48:53.364+01:00  INFO 19880 --- [           main] com.zaxxer.hikari.HikariDataSource       : HikariPool-4 - Start completed.
2024-12-15T11:48:53.364+01:00  WARN 19880 --- [           main] org.hibernate.orm.deprecation            : HHH90000025: H2Dialect does not need to be specified explicitly using 'hibernate.dialect' (remove the property setting and it will be selected by default)
2024-12-15T11:48:53.365+01:00  INFO 19880 --- [           main] org.hibernate.orm.connections.pooling    : HHH10001005: Database info:
	Database JDBC URL [Connecting through datasource 'HikariDataSource (HikariPool-4)']
	Database driver: undefined/unknown
	Database version: 2.3.232
	Autocommit mode: undefined/unknown
	Isolation level: undefined/unknown
	Minimum pool size: undefined/unknown
	Maximum pool size: undefined/unknown
2024-12-15T11:48:53.429+01:00  INFO 19880 --- [           main] o.h.e.t.j.p.i.JtaPlatformInitiator       : HHH000489: No JTA platform available (set 'hibernate.transaction.jta.platform' to enable JTA platform integration)
2024-12-15T11:48:53.433+01:00  INFO 19880 --- [           main] j.LocalContainerEntityManagerFactoryBean : Initialized JPA EntityManagerFactory for persistence unit 'default'
2024-12-15T11:48:53.475+01:00  WARN 19880 --- [           main] JpaBaseConfiguration$JpaWebConfiguration : spring.jpa.open-in-view is enabled by default. Therefore, database queries may be performed during view rendering. Explicitly configure spring.jpa.open-in-view to disable this warning
2024-12-15T11:48:53.514+01:00  INFO 19880 --- [           main] o.s.b.a.h2.H2ConsoleAutoConfiguration    : H2 console available at '/h2-console'. Database available at 'jdbc:h2:mem:testdb'
2024-12-15T11:48:53.521+01:00  INFO 19880 --- [           main] o.s.b.t.m.w.SpringBootMockServletContext : Initializing Spring TestDispatcherServlet ''
2024-12-15T11:48:53.521+01:00  INFO 19880 --- [           main] o.s.t.web.servlet.TestDispatcherServlet  : Initializing Servlet ''
2024-12-15T11:48:53.521+01:00  INFO 19880 --- [           main] o.s.t.web.servlet.TestDispatcherServlet  : Completed initialization in 0 ms
2024-12-15T11:48:53.527+01:00  INFO 19880 --- [           main] c.e.v.controller.GuardianControllerTest  : Started GuardianControllerTest in 0.329 seconds (process running for 6.765)
2024-12-15T11:48:53.541+01:00  INFO 19880 --- [           main] j.LocalContainerEntityManagerFactoryBean : Closing JPA EntityManagerFactory for persistence unit 'default'
2024-12-15T11:48:53.543+01:00  INFO 19880 --- [           main] com.zaxxer.hikari.HikariDataSource       : HikariPool-4 - Shutdown initiated...
2024-12-15T11:48:53.544+01:00  INFO 19880 --- [           main] com.zaxxer.hikari.HikariDataSource       : HikariPool-4 - Shutdown completed.
]]></system-out>
  </testcase>
  <testcase name="givenGuardianWithId_whenCallDeleteGuardian_thenReturnIsOk" classname="com.example.veterinary_clinic.controller.GuardianControllerTest" time="0.058">
    <system-out><![CDATA[
  .   ____          _            __ _ _
 /\\ / ___'_ __ _ _(_)_ __  __ _ \ \ \ \
( ( )\___ | '_ | '_| | '_ \/ _` | \ \ \ \
 \\/  ___)| |_)| | | | | || (_| |  ) ) ) )
  '  |____| .__|_| |_|_| |_\__, | / / / /
 =========|_|==============|___/=/_/_/_/

 :: Spring Boot ::                (v3.4.0)

2024-12-15T11:48:53.559+01:00  INFO 19880 --- [           main] c.e.v.controller.GuardianControllerTest  : Starting GuardianControllerTest using Java 21.0.4 with PID 19880 (started by Paola in E:\paola\Escritorio\Bootcamp_AWS_Backend\VeterinaryClinic\backendVeterinaryClinic)
2024-12-15T11:48:53.560+01:00  INFO 19880 --- [           main] c.e.v.controller.GuardianControllerTest  : The following 1 profile is active: "test"
2024-12-15T11:48:53.641+01:00  INFO 19880 --- [           main] .s.d.r.c.RepositoryConfigurationDelegate : Bootstrapping Spring Data JPA repositories in DEFAULT mode.
2024-12-15T11:48:53.650+01:00  INFO 19880 --- [           main] .s.d.r.c.RepositoryConfigurationDelegate : Finished Spring Data repository scanning in 8 ms. Found 3 JPA repository interfaces.
2024-12-15T11:48:53.683+01:00  INFO 19880 --- [           main] o.hibernate.jpa.internal.util.LogHelper  : HHH000204: Processing PersistenceUnitInfo [name: default]
2024-12-15T11:48:53.685+01:00  INFO 19880 --- [           main] o.h.c.internal.RegionFactoryInitiator    : HHH000026: Second-level cache disabled
2024-12-15T11:48:53.691+01:00  INFO 19880 --- [           main] o.s.o.j.p.SpringPersistenceUnitInfo      : No LoadTimeWeaver setup: ignoring JPA class transformer
2024-12-15T11:48:53.691+01:00  INFO 19880 --- [           main] com.zaxxer.hikari.HikariDataSource       : HikariPool-5 - Starting...
2024-12-15T11:48:53.693+01:00  INFO 19880 --- [           main] com.zaxxer.hikari.pool.HikariPool        : HikariPool-5 - Added connection conn25: url=jdbc:h2:mem:testdb user=TEST
2024-12-15T11:48:53.693+01:00  INFO 19880 --- [           main] com.zaxxer.hikari.HikariDataSource       : HikariPool-5 - Start completed.
2024-12-15T11:48:53.693+01:00  WARN 19880 --- [           main] org.hibernate.orm.deprecation            : HHH90000025: H2Dialect does not need to be specified explicitly using 'hibernate.dialect' (remove the property setting and it will be selected by default)
2024-12-15T11:48:53.693+01:00  INFO 19880 --- [           main] org.hibernate.orm.connections.pooling    : HHH10001005: Database info:
	Database JDBC URL [Connecting through datasource 'HikariDataSource (HikariPool-5)']
	Database driver: undefined/unknown
	Database version: 2.3.232
	Autocommit mode: undefined/unknown
	Isolation level: undefined/unknown
	Minimum pool size: undefined/unknown
	Maximum pool size: undefined/unknown
2024-12-15T11:48:53.738+01:00  INFO 19880 --- [           main] o.h.e.t.j.p.i.JtaPlatformInitiator       : HHH000489: No JTA platform available (set 'hibernate.transaction.jta.platform' to enable JTA platform integration)
2024-12-15T11:48:53.742+01:00  INFO 19880 --- [           main] j.LocalContainerEntityManagerFactoryBean : Initialized JPA EntityManagerFactory for persistence unit 'default'
2024-12-15T11:48:53.779+01:00  WARN 19880 --- [           main] JpaBaseConfiguration$JpaWebConfiguration : spring.jpa.open-in-view is enabled by default. Therefore, database queries may be performed during view rendering. Explicitly configure spring.jpa.open-in-view to disable this warning
2024-12-15T11:48:53.819+01:00  INFO 19880 --- [           main] o.s.b.a.h2.H2ConsoleAutoConfiguration    : H2 console available at '/h2-console'. Database available at 'jdbc:h2:mem:testdb'
2024-12-15T11:48:53.827+01:00  INFO 19880 --- [           main] o.s.b.t.m.w.SpringBootMockServletContext : Initializing Spring TestDispatcherServlet ''
2024-12-15T11:48:53.827+01:00  INFO 19880 --- [           main] o.s.t.web.servlet.TestDispatcherServlet  : Initializing Servlet ''
2024-12-15T11:48:53.827+01:00  INFO 19880 --- [           main] o.s.t.web.servlet.TestDispatcherServlet  : Completed initialization in 0 ms
2024-12-15T11:48:53.831+01:00  INFO 19880 --- [           main] c.e.v.controller.GuardianControllerTest  : Started GuardianControllerTest in 0.285 seconds (process running for 7.068)
2024-12-15T11:48:53.859+01:00  INFO 19880 --- [           main] j.LocalContainerEntityManagerFactoryBean : Closing JPA EntityManagerFactory for persistence unit 'default'
2024-12-15T11:48:53.860+01:00  INFO 19880 --- [           main] com.zaxxer.hikari.HikariDataSource       : HikariPool-5 - Shutdown initiated...
2024-12-15T11:48:53.890+01:00  INFO 19880 --- [           main] com.zaxxer.hikari.HikariDataSource       : HikariPool-5 - Shutdown completed.
]]></system-out>
  </testcase>
  <testcase name="given2Guardians_whenCallGetAllGuardians_thenReturnAListTheseGuardians" classname="com.example.veterinary_clinic.controller.GuardianControllerTest" time="0.062">
    <system-out><![CDATA[
  .   ____          _            __ _ _
 /\\ / ___'_ __ _ _(_)_ __  __ _ \ \ \ \
( ( )\___ | '_ | '_| | '_ \/ _` | \ \ \ \
 \\/  ___)| |_)| | | | | || (_| |  ) ) ) )
  '  |____| .__|_| |_|_| |_\__, | / / / /
 =========|_|==============|___/=/_/_/_/

 :: Spring Boot ::                (v3.4.0)

2024-12-15T11:48:53.904+01:00  INFO 19880 --- [           main] c.e.v.controller.GuardianControllerTest  : Starting GuardianControllerTest using Java 21.0.4 with PID 19880 (started by Paola in E:\paola\Escritorio\Bootcamp_AWS_Backend\VeterinaryClinic\backendVeterinaryClinic)
2024-12-15T11:48:53.904+01:00  INFO 19880 --- [           main] c.e.v.controller.GuardianControllerTest  : The following 1 profile is active: "test"
2024-12-15T11:48:53.985+01:00  INFO 19880 --- [           main] .s.d.r.c.RepositoryConfigurationDelegate : Bootstrapping Spring Data JPA repositories in DEFAULT mode.
2024-12-15T11:48:53.996+01:00  INFO 19880 --- [           main] .s.d.r.c.RepositoryConfigurationDelegate : Finished Spring Data repository scanning in 9 ms. Found 3 JPA repository interfaces.
2024-12-15T11:48:54.030+01:00  INFO 19880 --- [           main] o.hibernate.jpa.internal.util.LogHelper  : HHH000204: Processing PersistenceUnitInfo [name: default]
2024-12-15T11:48:54.032+01:00  INFO 19880 --- [           main] o.h.c.internal.RegionFactoryInitiator    : HHH000026: Second-level cache disabled
2024-12-15T11:48:54.039+01:00  INFO 19880 --- [           main] o.s.o.j.p.SpringPersistenceUnitInfo      : No LoadTimeWeaver setup: ignoring JPA class transformer
2024-12-15T11:48:54.039+01:00  INFO 19880 --- [           main] com.zaxxer.hikari.HikariDataSource       : HikariPool-6 - Starting...
2024-12-15T11:48:54.041+01:00  INFO 19880 --- [           main] com.zaxxer.hikari.pool.HikariPool        : HikariPool-6 - Added connection conn29: url=jdbc:h2:mem:testdb user=TEST
2024-12-15T11:48:54.041+01:00  INFO 19880 --- [           main] com.zaxxer.hikari.HikariDataSource       : HikariPool-6 - Start completed.
2024-12-15T11:48:54.042+01:00  WARN 19880 --- [           main] org.hibernate.orm.deprecation            : HHH90000025: H2Dialect does not need to be specified explicitly using 'hibernate.dialect' (remove the property setting and it will be selected by default)
2024-12-15T11:48:54.042+01:00  INFO 19880 --- [           main] org.hibernate.orm.connections.pooling    : HHH10001005: Database info:
	Database JDBC URL [Connecting through datasource 'HikariDataSource (HikariPool-6)']
	Database driver: undefined/unknown
	Database version: 2.3.232
	Autocommit mode: undefined/unknown
	Isolation level: undefined/unknown
	Minimum pool size: undefined/unknown
	Maximum pool size: undefined/unknown
2024-12-15T11:48:54.085+01:00  INFO 19880 --- [           main] o.h.e.t.j.p.i.JtaPlatformInitiator       : HHH000489: No JTA platform available (set 'hibernate.transaction.jta.platform' to enable JTA platform integration)
2024-12-15T11:48:54.089+01:00  INFO 19880 --- [           main] j.LocalContainerEntityManagerFactoryBean : Initialized JPA EntityManagerFactory for persistence unit 'default'
2024-12-15T11:48:54.126+01:00  WARN 19880 --- [           main] JpaBaseConfiguration$JpaWebConfiguration : spring.jpa.open-in-view is enabled by default. Therefore, database queries may be performed during view rendering. Explicitly configure spring.jpa.open-in-view to disable this warning
2024-12-15T11:48:54.165+01:00  INFO 19880 --- [           main] o.s.b.a.h2.H2ConsoleAutoConfiguration    : H2 console available at '/h2-console'. Database available at 'jdbc:h2:mem:testdb'
2024-12-15T11:48:54.171+01:00  INFO 19880 --- [           main] o.s.b.t.m.w.SpringBootMockServletContext : Initializing Spring TestDispatcherServlet ''
2024-12-15T11:48:54.172+01:00  INFO 19880 --- [           main] o.s.t.web.servlet.TestDispatcherServlet  : Initializing Servlet ''
2024-12-15T11:48:54.172+01:00  INFO 19880 --- [           main] o.s.t.web.servlet.TestDispatcherServlet  : Completed initialization in 0 ms
2024-12-15T11:48:54.175+01:00  INFO 19880 --- [           main] c.e.v.controller.GuardianControllerTest  : Started GuardianControllerTest in 0.284 seconds (process running for 7.413)
2024-12-15T11:48:54.228+01:00  INFO 19880 --- [           main] j.LocalContainerEntityManagerFactoryBean : Closing JPA EntityManagerFactory for persistence unit 'default'
2024-12-15T11:48:54.229+01:00  INFO 19880 --- [           main] com.zaxxer.hikari.HikariDataSource       : HikariPool-6 - Shutdown initiated...
2024-12-15T11:48:54.238+01:00  INFO 19880 --- [           main] com.zaxxer.hikari.HikariDataSource       : HikariPool-6 - Shutdown completed.
]]></system-out>
  </testcase>
  <testcase name="givenDuplicatePhoneNumber_whenAddGuardian_thenReturnBadRequest" classname="com.example.veterinary_clinic.controller.GuardianControllerTest" time="0.067">
    <system-out><![CDATA[
  .   ____          _            __ _ _
 /\\ / ___'_ __ _ _(_)_ __  __ _ \ \ \ \
( ( )\___ | '_ | '_| | '_ \/ _` | \ \ \ \
 \\/  ___)| |_)| | | | | || (_| |  ) ) ) )
  '  |____| .__|_| |_|_| |_\__, | / / / /
 =========|_|==============|___/=/_/_/_/

 :: Spring Boot ::                (v3.4.0)

2024-12-15T11:48:54.251+01:00  INFO 19880 --- [           main] c.e.v.controller.GuardianControllerTest  : Starting GuardianControllerTest using Java 21.0.4 with PID 19880 (started by Paola in E:\paola\Escritorio\Bootcamp_AWS_Backend\VeterinaryClinic\backendVeterinaryClinic)
2024-12-15T11:48:54.251+01:00  INFO 19880 --- [           main] c.e.v.controller.GuardianControllerTest  : The following 1 profile is active: "test"
2024-12-15T11:48:54.338+01:00  INFO 19880 --- [           main] .s.d.r.c.RepositoryConfigurationDelegate : Bootstrapping Spring Data JPA repositories in DEFAULT mode.
2024-12-15T11:48:54.348+01:00  INFO 19880 --- [           main] .s.d.r.c.RepositoryConfigurationDelegate : Finished Spring Data repository scanning in 9 ms. Found 3 JPA repository interfaces.
2024-12-15T11:48:54.403+01:00  INFO 19880 --- [           main] o.hibernate.jpa.internal.util.LogHelper  : HHH000204: Processing PersistenceUnitInfo [name: default]
2024-12-15T11:48:54.405+01:00  INFO 19880 --- [           main] o.h.c.internal.RegionFactoryInitiator    : HHH000026: Second-level cache disabled
2024-12-15T11:48:54.410+01:00  INFO 19880 --- [           main] o.s.o.j.p.SpringPersistenceUnitInfo      : No LoadTimeWeaver setup: ignoring JPA class transformer
2024-12-15T11:48:54.411+01:00  INFO 19880 --- [           main] com.zaxxer.hikari.HikariDataSource       : HikariPool-7 - Starting...
2024-12-15T11:48:54.413+01:00  INFO 19880 --- [           main] com.zaxxer.hikari.pool.HikariPool        : HikariPool-7 - Added connection conn33: url=jdbc:h2:mem:testdb user=TEST
2024-12-15T11:48:54.413+01:00  INFO 19880 --- [           main] com.zaxxer.hikari.HikariDataSource       : HikariPool-7 - Start completed.
2024-12-15T11:48:54.414+01:00  WARN 19880 --- [           main] org.hibernate.orm.deprecation            : HHH90000025: H2Dialect does not need to be specified explicitly using 'hibernate.dialect' (remove the property setting and it will be selected by default)
2024-12-15T11:48:54.414+01:00  INFO 19880 --- [           main] org.hibernate.orm.connections.pooling    : HHH10001005: Database info:
	Database JDBC URL [Connecting through datasource 'HikariDataSource (HikariPool-7)']
	Database driver: undefined/unknown
	Database version: 2.3.232
	Autocommit mode: undefined/unknown
	Isolation level: undefined/unknown
	Minimum pool size: undefined/unknown
	Maximum pool size: undefined/unknown
2024-12-15T11:48:54.455+01:00  INFO 19880 --- [           main] o.h.e.t.j.p.i.JtaPlatformInitiator       : HHH000489: No JTA platform available (set 'hibernate.transaction.jta.platform' to enable JTA platform integration)
2024-12-15T11:48:54.460+01:00  INFO 19880 --- [           main] j.LocalContainerEntityManagerFactoryBean : Initialized JPA EntityManagerFactory for persistence unit 'default'
2024-12-15T11:48:54.501+01:00  WARN 19880 --- [           main] JpaBaseConfiguration$JpaWebConfiguration : spring.jpa.open-in-view is enabled by default. Therefore, database queries may be performed during view rendering. Explicitly configure spring.jpa.open-in-view to disable this warning
2024-12-15T11:48:54.542+01:00  INFO 19880 --- [           main] o.s.b.a.h2.H2ConsoleAutoConfiguration    : H2 console available at '/h2-console'. Database available at 'jdbc:h2:mem:testdb'
2024-12-15T11:48:54.548+01:00  INFO 19880 --- [           main] o.s.b.t.m.w.SpringBootMockServletContext : Initializing Spring TestDispatcherServlet ''
2024-12-15T11:48:54.549+01:00  INFO 19880 --- [           main] o.s.t.web.servlet.TestDispatcherServlet  : Initializing Servlet ''
2024-12-15T11:48:54.549+01:00  INFO 19880 --- [           main] o.s.t.web.servlet.TestDispatcherServlet  : Completed initialization in 0 ms
2024-12-15T11:48:54.552+01:00  INFO 19880 --- [           main] c.e.v.controller.GuardianControllerTest  : Started GuardianControllerTest in 0.313 seconds (process running for 7.79)
2024-12-15T11:48:54.587+01:00  INFO 19880 --- [           main] j.LocalContainerEntityManagerFactoryBean : Closing JPA EntityManagerFactory for persistence unit 'default'
2024-12-15T11:48:54.588+01:00  INFO 19880 --- [           main] com.zaxxer.hikari.HikariDataSource       : HikariPool-7 - Shutdown initiated...
2024-12-15T11:48:54.620+01:00  INFO 19880 --- [           main] com.zaxxer.hikari.HikariDataSource       : HikariPool-7 - Shutdown completed.
]]></system-out>
  </testcase>
  <testcase name="givenGuardianWithName_whenCallGetGuardianByName_thenReturnThisGuardian" classname="com.example.veterinary_clinic.controller.GuardianControllerTest" time="0.041">
    <system-out><![CDATA[
  .   ____          _            __ _ _
 /\\ / ___'_ __ _ _(_)_ __  __ _ \ \ \ \
( ( )\___ | '_ | '_| | '_ \/ _` | \ \ \ \
 \\/  ___)| |_)| | | | | || (_| |  ) ) ) )
  '  |____| .__|_| |_|_| |_\__, | / / / /
 =========|_|==============|___/=/_/_/_/

 :: Spring Boot ::                (v3.4.0)

2024-12-15T11:48:54.634+01:00  INFO 19880 --- [           main] c.e.v.controller.GuardianControllerTest  : Starting GuardianControllerTest using Java 21.0.4 with PID 19880 (started by Paola in E:\paola\Escritorio\Bootcamp_AWS_Backend\VeterinaryClinic\backendVeterinaryClinic)
2024-12-15T11:48:54.634+01:00  INFO 19880 --- [           main] c.e.v.controller.GuardianControllerTest  : The following 1 profile is active: "test"
2024-12-15T11:48:54.710+01:00  INFO 19880 --- [           main] .s.d.r.c.RepositoryConfigurationDelegate : Bootstrapping Spring Data JPA repositories in DEFAULT mode.
2024-12-15T11:48:54.719+01:00  INFO 19880 --- [           main] .s.d.r.c.RepositoryConfigurationDelegate : Finished Spring Data repository scanning in 8 ms. Found 3 JPA repository interfaces.
2024-12-15T11:48:54.753+01:00  INFO 19880 --- [           main] o.hibernate.jpa.internal.util.LogHelper  : HHH000204: Processing PersistenceUnitInfo [name: default]
2024-12-15T11:48:54.755+01:00  INFO 19880 --- [           main] o.h.c.internal.RegionFactoryInitiator    : HHH000026: Second-level cache disabled
2024-12-15T11:48:54.760+01:00  INFO 19880 --- [           main] o.s.o.j.p.SpringPersistenceUnitInfo      : No LoadTimeWeaver setup: ignoring JPA class transformer
2024-12-15T11:48:54.761+01:00  INFO 19880 --- [           main] com.zaxxer.hikari.HikariDataSource       : HikariPool-8 - Starting...
2024-12-15T11:48:54.763+01:00  INFO 19880 --- [           main] com.zaxxer.hikari.pool.HikariPool        : HikariPool-8 - Added connection conn37: url=jdbc:h2:mem:testdb user=TEST
2024-12-15T11:48:54.763+01:00  INFO 19880 --- [           main] com.zaxxer.hikari.HikariDataSource       : HikariPool-8 - Start completed.
2024-12-15T11:48:54.763+01:00  WARN 19880 --- [           main] org.hibernate.orm.deprecation            : HHH90000025: H2Dialect does not need to be specified explicitly using 'hibernate.dialect' (remove the property setting and it will be selected by default)
2024-12-15T11:48:54.763+01:00  INFO 19880 --- [           main] org.hibernate.orm.connections.pooling    : HHH10001005: Database info:
	Database JDBC URL [Connecting through datasource 'HikariDataSource (HikariPool-8)']
	Database driver: undefined/unknown
	Database version: 2.3.232
	Autocommit mode: undefined/unknown
	Isolation level: undefined/unknown
	Minimum pool size: undefined/unknown
	Maximum pool size: undefined/unknown
2024-12-15T11:48:54.808+01:00  INFO 19880 --- [           main] o.h.e.t.j.p.i.JtaPlatformInitiator       : HHH000489: No JTA platform available (set 'hibernate.transaction.jta.platform' to enable JTA platform integration)
2024-12-15T11:48:54.812+01:00  INFO 19880 --- [           main] j.LocalContainerEntityManagerFactoryBean : Initialized JPA EntityManagerFactory for persistence unit 'default'
2024-12-15T11:48:54.846+01:00  WARN 19880 --- [           main] JpaBaseConfiguration$JpaWebConfiguration : spring.jpa.open-in-view is enabled by default. Therefore, database queries may be performed during view rendering. Explicitly configure spring.jpa.open-in-view to disable this warning
2024-12-15T11:48:54.882+01:00  INFO 19880 --- [           main] o.s.b.a.h2.H2ConsoleAutoConfiguration    : H2 console available at '/h2-console'. Database available at 'jdbc:h2:mem:testdb'
2024-12-15T11:48:54.888+01:00  INFO 19880 --- [           main] o.s.b.t.m.w.SpringBootMockServletContext : Initializing Spring TestDispatcherServlet ''
2024-12-15T11:48:54.888+01:00  INFO 19880 --- [           main] o.s.t.web.servlet.TestDispatcherServlet  : Initializing Servlet ''
2024-12-15T11:48:54.889+01:00  INFO 19880 --- [           main] o.s.t.web.servlet.TestDispatcherServlet  : Completed initialization in 1 ms
2024-12-15T11:48:54.892+01:00  INFO 19880 --- [           main] c.e.v.controller.GuardianControllerTest  : Started GuardianControllerTest in 0.27 seconds (process running for 8.13)
2024-12-15T11:48:54.911+01:00  INFO 19880 --- [           main] j.LocalContainerEntityManagerFactoryBean : Closing JPA EntityManagerFactory for persistence unit 'default'
2024-12-15T11:48:54.912+01:00  INFO 19880 --- [           main] com.zaxxer.hikari.HikariDataSource       : HikariPool-8 - Shutdown initiated...
2024-12-15T11:48:54.934+01:00  INFO 19880 --- [           main] com.zaxxer.hikari.HikariDataSource       : HikariPool-8 - Shutdown completed.
]]></system-out>
  </testcase>
</testsuite>