<?xml version="1.0" encoding="UTF-8"?>
<testsuite xmlns:xsi="http://www.w3.org/2001/XMLSchema-instance" xsi:noNamespaceSchemaLocation="https://maven.apache.org/surefire/maven-surefire-plugin/xsd/surefire-test-report.xsd" version="3.0.2" name="com.example.veterinary_clinic.VeterinaryClinicApplicationTests" time="0.227" tests="1" errors="0" skipped="0" failures="0">
  <properties>
[...]
</properties>
  <testcase name="contextLoads" classname="com.example.veterinary_clinic.VeterinaryClinicApplicationTests" time="0.002">
    <system-out><![CDATA[2024-12-15T11:48:56.515+01:00  INFO 19880 --- [           main] t.c.s.AnnotationConfigContextLoaderUtils : Could not detect default configuration classes for test class [com.example.veterinary_clinic.VeterinaryClinicApplicationTests]: VeterinaryClinicApplicationTests does not declare any static, non-private, non-final, nested classes annotated with @Configuration.
2024-12-15T11:48:56.519+01:00  INFO 19880 --- [           main] .b.t.c.SpringBootTestContextBootstrapper : Found @SpringBootConfiguration com.example.veterinary_clinic.VeterinaryClinicApplication for test class com.example.veterinary_clinic.VeterinaryClinicApplicationTests

  .   ____          _            __ _ _
 /\\ / ___'_ __ _ _(_)_ __  __ _ \ \ \ \
( ( )\___ | '_ | '_| | '_ \/ _` | \ \ \ \
 \\/  ___)| |_)| | | | | || (_| |  ) ) ) )
  '  |____| .__|_| |_|_| |_\__, | / / / /
 =========|_|==============|___/=/_/_/_/

 :: Spring Boot ::                (v3.4.0)

2024-12-15T11:48:56.531+01:00  INFO 19880 --- [           main] c.e.v.VeterinaryClinicApplicationTests   : Starting VeterinaryClinicApplicationTests using Java 21.0.4 with PID 19880 (started by Paola in E:\paola\Escritorio\Bootcamp_AWS_Backend\VeterinaryClinic\backendVeterinaryClinic)
2024-12-15T11:48:56.531+01:00  INFO 19880 --- [           main] c.e.v.VeterinaryClinicApplicationTests   : The following 1 profile is active: "test"
2024-12-15T11:48:56.592+01:00  INFO 19880 --- [           main] .s.d.r.c.RepositoryConfigurationDelegate : Bootstrapping Spring Data JPA repositories in DEFAULT mode.
2024-12-15T11:48:56.600+01:00  INFO 19880 --- [           main] .s.d.r.c.RepositoryConfigurationDelegate : Finished Spring Data repository scanning in 7 ms. Found 3 JPA repository interfaces.
2024-12-15T11:48:56.628+01:00  INFO 19880 --- [           main] o.hibernate.jpa.internal.util.LogHelper  : HHH000204: Processing PersistenceUnitInfo [name: default]
2024-12-15T11:48:56.630+01:00  INFO 19880 --- [           main] o.h.c.internal.RegionFactoryInitiator    : HHH000026: Second-level cache disabled
2024-12-15T11:48:56.634+01:00  INFO 19880 --- [           main] o.s.o.j.p.SpringPersistenceUnitInfo      : No LoadTimeWeaver setup: ignoring JPA class transformer
2024-12-15T11:48:56.635+01:00  INFO 19880 --- [           main] com.zaxxer.hikari.HikariDataSource       : HikariPool-14 - Starting...
2024-12-15T11:48:56.636+01:00  INFO 19880 --- [           main] com.zaxxer.hikari.pool.HikariPool        : HikariPool-14 - Added connection conn52: url=jdbc:h2:mem:testdb user=TEST
2024-12-15T11:48:56.636+01:00  INFO 19880 --- [           main] com.zaxxer.hikari.HikariDataSource       : HikariPool-14 - Start completed.
2024-12-15T11:48:56.636+01:00  WARN 19880 --- [           main] org.hibernate.orm.deprecation            : HHH90000025: H2Dialect does not need to be specified explicitly using 'hibernate.dialect' (remove the property setting and it will be selected by default)
2024-12-15T11:48:56.637+01:00  INFO 19880 --- [           main] org.hibernate.orm.connections.pooling    : HHH10001005: Database info:
	Database JDBC URL [Connecting through datasource 'HikariDataSource (HikariPool-14)']
	Database driver: undefined/unknown
	Database version: 2.3.232
	Autocommit mode: undefined/unknown
	Isolation level: undefined/unknown
	Minimum pool size: undefined/unknown
	Maximum pool size: undefined/unknown
2024-12-15T11:48:56.669+01:00  INFO 19880 --- [           main] o.h.e.t.j.p.i.JtaPlatformInitiator       : HHH000489: No JTA platform available (set 'hibernate.transaction.jta.platform' to enable JTA platform integration)
2024-12-15T11:48:56.672+01:00  INFO 19880 --- [           main] j.LocalContainerEntityManagerFactoryBean : Initialized JPA EntityManagerFactory for persistence unit 'default'
2024-12-15T11:48:56.699+01:00  WARN 19880 --- [           main] JpaBaseConfiguration$JpaWebConfiguration : spring.jpa.open-in-view is enabled by default. Therefore, database queries may be performed during view rendering. Explicitly configure spring.jpa.open-in-view to disable this warning
2024-12-15T11:48:56.731+01:00  INFO 19880 --- [           main] o.s.b.a.h2.H2ConsoleAutoConfiguration    : H2 console available at '/h2-console'. Database available at 'jdbc:h2:mem:testdb'
2024-12-15T11:48:56.738+01:00  INFO 19880 --- [           main] c.e.v.VeterinaryClinicApplicationTests   : Started VeterinaryClinicApplicationTests in 0.216 seconds (process running for 9.975)
]]></system-out>
  </testcase>
</testsuite>